<?xml version="1.0" encoding="UTF-8"?>
<!-- Generated by org.testng.reporters.JUnitReportReporter -->
<testsuite hostname="Shuvashish" name="hptest.HomePageTest" tests="1" failures="0" timestamp="21 Jan 2017 20:36:29 GMT" time="6.755" errors="0">
  <testcase name="firstTest" time="6.755" classname="hptest.HomePageTest"/>
</testsuite> <!-- hptest.HomePageTest -->
